<?xml version="1.0" encoding="UTF-8"?>
<testsuites name="Mocha Tests" time="351.640" tests="4" failures="0">
  <testsuite name="" timestamp="2024-12-15T02:14:35" tests="0" file="cypress/e2e/test-suites/ECP-T2598-AutomaticActionsUI.spec.ts" time="0.000" failures="0">
  </testsuite>
  <testsuite name="Root Suite.ECP-T2598 - Automatic action UI" timestamp="2024-12-15T02:14:35" tests="4" time="351.616" failures="0">
    <testcase name="Step 1-10" time="165.892" classname="ECP-T2598 - Automatic action UI">
    </testcase>
    <testcase name="Step 11- 20" time="69.757" classname="ECP-T2598 - Automatic action UI">
    </testcase>
    <testcase name="Step 21 - 38" time="88.336" classname="ECP-T2598 - Automatic action UI">
    </testcase>
    <testcase name="Disable facility and cleanup" time="8.032" classname="ECP-T2598 - Automatic action UI">
    </testcase>
  </testsuite>
</testsuites>