<?xml version="1.0" encoding="UTF-8"?>
<testsuites name="Mocha Tests" time="115.851" tests="2" failures="0">
  <testsuite name="" timestamp="2024-12-15T02:31:27" tests="0" file="cypress/e2e/test-suites/ECP-T2973-Active Facilities - Share with Professional.spec.ts" time="0.000" failures="0">
  </testsuite>
  <testsuite name="Root Suite.ECP-T2973 - Active Facilities - Share with Professional" timestamp="2024-12-15T02:31:27" tests="2" time="115.826" failures="0">
    <testcase name="Step 1-10" time="100.769" classname="ECP-T2973 - Active Facilities - Share with Professional">
    </testcase>
    <testcase name="Disable facility and cleanup" time="7.896" classname="ECP-T2973 - Active Facilities - Share with Professional">
    </testcase>
  </testsuite>
</testsuites>