<?xml version="1.0" encoding="UTF-8"?>
<testsuites name="Mocha Tests" time="137.651" tests="2" failures="0">
  <testsuite name="" timestamp="2024-12-15T03:29:12" tests="0" file="cypress/e2e/test-suites/ECP-T2977-AutomaticActionSearchCustomer Share with Professional.spec.ts" time="0.000" failures="0">
  </testsuite>
  <testsuite name="Root Suite.ECP-T2977 - Automatic Actions Active - Search Customer Name" timestamp="2024-12-15T03:29:12" tests="2" time="137.632" failures="0">
    <testcase name="Test Preparation - Data Prep" time="122.343" classname="ECP-T2977 - Automatic Actions Active - Search Customer Name">
    </testcase>
    <testcase name="Disable facility and cleanup" time="7.393" classname="ECP-T2977 - Automatic Actions Active - Search Customer Name">
    </testcase>
  </testsuite>
</testsuites>