<?xml version="1.0" encoding="UTF-8"?>
<testsuites name="Mocha Tests" time="115.522" tests="2" failures="0">
  <testsuite name="" timestamp="2024-12-15T03:26:14" tests="0" file="cypress/e2e/test-suites/ECP-T2623-ContactCustomerSupport.spec.ts" time="0.000" failures="0">
  </testsuite>
  <testsuite name="Root Suite.ECP-T2623 - Contact Customer Support (Failed due to bug ECP-26090)" timestamp="2024-12-15T03:26:14" tests="2" time="115.450" failures="0">
    <testcase name="Starting Contact Customer Support Test - All 1 - 8 Steps in one" time="100.217" classname="ECP-T2623 - Contact Customer Support (Failed due to bug ECP-26090)">
    </testcase>
    <testcase name="Disable facility and cleanup" time="7.647" classname="ECP-T2623 - Contact Customer Support (Failed due to bug ECP-26090)">
    </testcase>
  </testsuite>
</testsuites>