<?xml version="1.0" encoding="UTF-8"?>
<testsuites name="Mocha Tests" time="152.111" tests="3" failures="0">
  <testsuite name="" timestamp="2024-12-15T02:21:44" tests="0" file="cypress/e2e/test-suites/ECP-T3449-LoadingToViewer.spec.ts" time="0.000" failures="0">
  </testsuite>
  <testsuite name="Root Suite.ECP-T3449-Loading To Viewer" timestamp="2024-12-15T02:21:44" tests="3" time="152.081" failures="0">
    <testcase name="ECP-T3449 - data prep" time="107.895" classname="ECP-T3449-Loading To Viewer">
    </testcase>
    <testcase name="Step 1-3" time="33.562" classname="ECP-T3449-Loading To Viewer">
    </testcase>
    <testcase name="Disable facility and cleanup" time="7.803" classname="ECP-T3449-Loading To Viewer">
    </testcase>
  </testsuite>
</testsuites>