<?xml version="1.0" encoding="UTF-8"?>
<testsuites name="Mocha Tests" time="162.249" tests="2" failures="0">
  <testsuite name="" timestamp="2024-12-15T03:16:32" tests="0" file="cypress/e2e/test-suites/ECP-T2719-MyFacilityAdminSettings.spec.ts" time="0.000" failures="0">
  </testsuite>
  <testsuite name="Root Suite.ECP-T2719 -My Facility - Admin Settings" timestamp="2024-12-15T03:16:32" tests="2" time="162.211" failures="0">
    <testcase name="Step 1 - 13" time="145.862" classname="ECP-T2719 -My Facility - Admin Settings">
    </testcase>
    <testcase name="Disable facility and cleanup" time="7.280" classname="ECP-T2719 -My Facility - Admin Settings">
    </testcase>
  </testsuite>
</testsuites>