<?xml version="1.0" encoding="UTF-8"?>
<testsuites name="Mocha Tests" time="150.050" tests="2" failures="0">
  <testsuite name="" timestamp="2024-12-15T03:16:32" tests="0" file="cypress/e2e/test-suites/ECP-T2528-CreateADTMessage.spec.ts" time="0.000" failures="0">
  </testsuite>
  <testsuite name="Root Suite.ECP-T2528-Create ADT Message" timestamp="2024-12-15T03:16:32" tests="2" time="150.021" failures="0">
    <testcase name="ECP-T2528" time="134.528" classname="ECP-T2528-Create ADT Message">
    </testcase>
    <testcase name="Disable facility and cleanup" time="7.331" classname="ECP-T2528-Create ADT Message">
    </testcase>
  </testsuite>
</testsuites>