<?xml version="1.0" encoding="UTF-8"?>
<testsuites name="Mocha Tests" time="309.094" tests="3" failures="0">
  <testsuite name="" timestamp="2024-12-15T02:13:04" tests="0" file="cypress/e2e/test-suites/ECP-T2638-ExamDeleteUndelete.spec.ts" time="0.000" failures="0">
  </testsuite>
  <testsuite name="Root Suite.ECP-T2638 - Exam Delete &amp; Undelete" timestamp="2024-12-15T02:13:04" tests="3" time="309.075" failures="0">
    <testcase name="Test Preparation - Before Step" time="116.112" classname="ECP-T2638 - Exam Delete &amp; Undelete">
    </testcase>
    <testcase name="ECP-T2638 Exam Delete &amp; Undelete step 1 -13" time="174.656" classname="ECP-T2638 - Exam Delete &amp; Undelete">
    </testcase>
    <testcase name="Disable facility and cleanup" time="6.738" classname="ECP-T2638 - Exam Delete &amp; Undelete">
    </testcase>
  </testsuite>
</testsuites>