<?xml version="1.0" encoding="UTF-8"?>
<testsuites name="Mocha Tests" time="66.071" tests="1" failures="0">
  <testsuite name="" timestamp="2024-12-15T02:20:33" tests="0" file="cypress/e2e/test-suites/ECP-T3281-System AdminNotificationsEmailTemplatePasswordExpiry.spec.ts" time="0.000" failures="0">
  </testsuite>
  <testsuite name="Root Suite.ECP-T3281 - System Admin - Notifications - Email Template for Password Expiry" timestamp="2024-12-15T02:20:33" tests="1" time="66.047" failures="0">
    <testcase name="Verifying Password attempt message" time="61.431" classname="ECP-T3281 - System Admin - Notifications - Email Template for Password Expiry">
    </testcase>
  </testsuite>
</testsuites>