<?xml version="1.0" encoding="UTF-8"?>
<testsuites name="Mocha Tests" time="314.333" tests="8" failures="0">
  <testsuite name="" timestamp="2024-12-15T02:49:20" tests="0" file="cypress/e2e/test-suites/ECP-T3450-Delete-Exams-and-Procedures.spec.ts" time="0.000" failures="0">
  </testsuite>
  <testsuite name="Root Suite.ECP-T3450 - Delete Exams and Procedures" timestamp="2024-12-15T02:49:20" tests="8" time="314.315" failures="0">
    <testcase name="ECP-T3450 - data prep" time="113.881" classname="ECP-T3450 - Delete Exams and Procedures">
    </testcase>
    <testcase name="Step 1-3: Select a match Exam to delete and confirm single Exam deletion" time="38.009" classname="ECP-T3450 - Delete Exams and Procedures">
    </testcase>
    <testcase name="Step 4: Select a single Exam to delete and cancel single Exam deletion" time="24.968" classname="ECP-T3450 - Delete Exams and Procedures">
    </testcase>
    <testcase name="Step 5 - 6: Select an Unread Exam to delete and confirm single Unread Exam deletion" time="32.425" classname="ECP-T3450 - Delete Exams and Procedures">
    </testcase>
    <testcase name="Step 7 - Cancel single Unread Exam deletion" time="28.374" classname="ECP-T3450 - Delete Exams and Procedures">
    </testcase>
    <testcase name="Step 8-9 , 11-12 Batch selection of Exams for deletion and confirm batch deletion of Exams, including Unread" time="27.949" classname="ECP-T3450 - Delete Exams and Procedures">
    </testcase>
    <testcase name="Step 10, 13 Batch selection of Exams for deletion and cancel batch deletion of Exams, including Unread" time="24.563" classname="ECP-T3450 - Delete Exams and Procedures">
    </testcase>
    <testcase name="Disable facility and cleanup" time="6.938" classname="ECP-T3450 - Delete Exams and Procedures">
    </testcase>
  </testsuite>
</testsuites>