<?xml version="1.0" encoding="UTF-8"?>
<testsuites name="Mocha Tests" time="179.705" tests="3" failures="0">
  <testsuite name="" timestamp="2024-12-15T02:19:49" tests="0" file="cypress/e2e/test-suites/ECP-T3039-CustomerAdminWouldLikeToRenamePublicWorklistView.spec.ts" time="0.000" failures="0">
  </testsuite>
  <testsuite name="Root Suite.ECP-T3039 - Customer admin to remame public view - Precondition" timestamp="2024-12-15T02:19:49" tests="3" time="179.669" failures="0">
    <testcase name="Precodition" time="78.970" classname="ECP-T3039 - Customer admin to remame public view - Precondition">
    </testcase>
    <testcase name="Customer admin to remame public view from Step 2 to 7" time="83.224" classname="ECP-T3039 - Customer admin to remame public view - Precondition">
    </testcase>
    <testcase name="Post step - Cleanup" time="7.204" classname="ECP-T3039 - Customer admin to remame public view - Precondition">
    </testcase>
  </testsuite>
</testsuites>