<?xml version="1.0" encoding="UTF-8"?>
<testsuites name="Mocha Tests" time="105.862" tests="2" failures="0">
  <testsuite name="" timestamp="2024-12-15T02:13:58" tests="0" file="cypress/e2e/test-suites/ECP-T2725-MyOrgIntegrationPage.spec.ts" time="0.000" failures="0">
  </testsuite>
  <testsuite name="Root Suite.ECP-T2725 - My Org - Integration Page" timestamp="2024-12-15T02:13:58" tests="2" time="105.835" failures="0">
    <testcase name="All Steps in one 1- 15" time="91.184" classname="ECP-T2725 - My Org - Integration Page">
    </testcase>
    <testcase name="Disable facility and cleanup" time="7.297" classname="ECP-T2725 - My Org - Integration Page">
    </testcase>
  </testsuite>
</testsuites>