<?xml version="1.0" encoding="UTF-8"?>
<testsuites name="Mocha Tests" time="500.580" tests="2" failures="1">
  <testsuite name="" timestamp="2024-12-15T04:02:34" tests="0" file="cypress/e2e/test-suites/ECP-T2796-SystemAdminProblemUploads.spec.ts" time="0.000" failures="0">
  </testsuite>
  <testsuite name="Root Suite.ECP-T2796- System Admin Problem Uploader" timestamp="2024-12-15T04:02:34" tests="2" time="0.000" failures="1">
    <testcase name="Step 1- 10" time="146.275" classname="ECP-T2796- System Admin Problem Uploader">
      <failure message="Timed out retrying after 60000ms: Expected to find element: `.table-col-createdAt`, but never found it." type="AssertionError"><![CDATA[AssertionError: Timed out retrying after 60000ms: Expected to find element: `.table-col-createdAt`, but never found it.
    at Context.eval (webpack:///./cypress/e2e/test-suites/ECP-T2796-SystemAdminProblemUploads.spec.ts:122:39)]]></failure>
    </testcase>
  </testsuite>
</testsuites>