<?xml version="1.0" encoding="UTF-8"?>
<testsuites name="Mocha Tests" time="366.932" tests="2" failures="1">
  <testsuite name="" timestamp="2024-12-15T03:44:13" tests="0" file="cypress/e2e/test-suites/ECP-T2589-Advanced DICOM Tag Editing.spec.ts" time="0.000" failures="0">
  </testsuite>
  <testsuite name="Root Suite.ECP-T2589 - Advanced DICOM Tag Editing" timestamp="2024-12-15T03:44:14" tests="2" time="0.000" failures="1">
    <testcase name="All the Steps " time="99.460" classname="ECP-T2589 - Advanced DICOM Tag Editing">
      <failure message="Timed out retrying after 60050ms: `cy.click()` failed because this element:

`&lt;label id=&quot;edgeServers&quot; for=&quot;edgeServersTab&quot; title=&quot;Edge Servers&quot; data-value=&quot;2&quot; class=&quot;tab-label&quot; role=&quot;button&quot;&gt;...&lt;/label&gt;`

is being covered by another element:

`&lt;div class=&quot;destinationModal modal fade js-confirm-delete-destination-dialog in&quot; data-backdrop=&quot;static&quot; tabindex=&quot;-1&quot; role=&quot;dialog&quot; aria-labelledby=&quot;modal-title&quot; style=&quot;display: block;&quot;&gt;...&lt;/div&gt;`

Fix this problem, or use {force: true} to disable error checking.

https://on.cypress.io/element-cannot-be-interacted-with" type="CypressError"><![CDATA[CypressError: Timed out retrying after 60050ms: `cy.click()` failed because this element:

`<label id="edgeServers" for="edgeServersTab" title="Edge Servers" data-value="2" class="tab-label" role="button">...</label>`

is being covered by another element:

`<div class="destinationModal modal fade js-confirm-delete-destination-dialog in" data-backdrop="static" tabindex="-1" role="dialog" aria-labelledby="modal-title" style="display: block;">...</div>`

Fix this problem, or use {force: true} to disable error checking.

https://on.cypress.io/element-cannot-be-interacted-with
    at ensureIsDescendent (https://automation-vv-01.c.ei-cs-dev01-ein.internal/__cypress/runner/cypress_runner.js:130218:76)
    at ensureDescendents (https://automation-vv-01.c.ei-cs-dev01-ein.internal/__cypress/runner/cypress_runner.js:130269:5)
    at ensureDescendentsAndScroll (https://automation-vv-01.c.ei-cs-dev01-ein.internal/__cypress/runner/cypress_runner.js:130275:14)
    at ensureElIsNotCovered (https://automation-vv-01.c.ei-cs-dev01-ein.internal/__cypress/runner/cypress_runner.js:130406:5)
    at runAllChecks (https://automation-vv-01.c.ei-cs-dev01-ein.internal/__cypress/runner/cypress_runner.js:130586:52)
    at retryActionability (https://automation-vv-01.c.ei-cs-dev01-ein.internal/__cypress/runner/cypress_runner.js:130623:16)
    at tryCatcher (https://automation-vv-01.c.ei-cs-dev01-ein.internal/__cypress/runner/cypress_runner.js:8914:23)
    at Promise.attempt.Promise.try (https://automation-vv-01.c.ei-cs-dev01-ein.internal/__cypress/runner/cypress_runner.js:6188:29)
    at whenStable (https://automation-vv-01.c.ei-cs-dev01-ein.internal/__cypress/runner/cypress_runner.js:146724:65)
    at <unknown> (https://automation-vv-01.c.ei-cs-dev01-ein.internal/__cypress/runner/cypress_runner.js:146165:14)
    at tryCatcher (https://automation-vv-01.c.ei-cs-dev01-ein.internal/__cypress/runner/cypress_runner.js:8914:23)
    at Promise._settlePromiseFromHandler (https://automation-vv-01.c.ei-cs-dev01-ein.internal/__cypress/runner/cypress_runner.js:6849:31)
    at Promise._settlePromise (https://automation-vv-01.c.ei-cs-dev01-ein.internal/__cypress/runner/cypress_runner.js:6906:18)
    at Promise._settlePromise0 (https://automation-vv-01.c.ei-cs-dev01-ein.internal/__cypress/runner/cypress_runner.js:6951:10)
    at Promise._settlePromises (https://automation-vv-01.c.ei-cs-dev01-ein.internal/__cypress/runner/cypress_runner.js:7031:18)
    at Promise._fulfill (https://automation-vv-01.c.ei-cs-dev01-ein.internal/__cypress/runner/cypress_runner.js:6975:18)
    at <unknown> (https://automation-vv-01.c.ei-cs-dev01-ein.internal/__cypress/runner/cypress_runner.js:8589:46)
From Your Spec Code:
    at Context.eval (webpack:///./cypress/e2e/test-suites/ECP-T2589-Advanced DICOM Tag Editing.spec.ts:68:31)]]></failure>
    </testcase>
  </testsuite>
</testsuites>