<?xml version="1.0" encoding="UTF-8"?>
<testsuites name="Mocha Tests" time="586.719" tests="3" failures="0">
  <testsuite name="" timestamp="2024-12-15T02:26:37" tests="0" file="cypress/e2e/test-suites/ECP-T2795-SystemAdminCustomers.spec.ts" time="0.000" failures="0">
  </testsuite>
  <testsuite name="Root Suite.ECP-T2795 - System Admin - Customers" timestamp="2024-12-15T02:26:37" tests="3" time="586.692" failures="0">
    <testcase name="Starting ECP-T2795 - System Admin - Customers" time="297.846" classname="ECP-T2795 - System Admin - Customers">
    </testcase>
    <testcase name="Step 17 -22" time="255.634" classname="ECP-T2795 - System Admin - Customers">
    </testcase>
    <testcase name="Disable facility and cleanup" time="11.284" classname="ECP-T2795 - System Admin - Customers">
    </testcase>
  </testsuite>
</testsuites>