<?xml version="1.0" encoding="UTF-8"?>
<testsuites name="Mocha Tests" time="340.099" tests="2" failures="0">
  <testsuite name="" timestamp="2024-12-15T02:35:07" tests="0" file="cypress/e2e/test-suites/ECP-T3547-ReferringProviderUserGroup.spec.ts" time="0.000" failures="0">
  </testsuite>
  <testsuite name="Root Suite.ECP-T3547-ReferringProviderUserGroup [REQ-054]" timestamp="2024-12-15T02:35:07" tests="2" time="340.062" failures="0">
    <testcase name="ECP-T3547 - steps 1 to 5" time="179.801" classname="ECP-T3547-ReferringProviderUserGroup [REQ-054]">
    </testcase>
    <testcase name="Disable facility and cleanup" time="9.032" classname="ECP-T3547-ReferringProviderUserGroup [REQ-054]">
    </testcase>
  </testsuite>
</testsuites>