<?xml version="1.0" encoding="UTF-8"?>
<testsuites name="Mocha Tests" time="142.957" tests="3" failures="0">
  <testsuite name="" timestamp="2024-12-15T02:11:30" tests="0" file="cypress/e2e/test-suites/ECP-T2724-MyOrgIntegrationReportQuerySources.spec.ts" time="0.000" failures="0">
  </testsuite>
  <testsuite name="Root Suite.ECP-T2724 - My Org - Integration - Report Query Sources" timestamp="2024-12-15T02:11:30" tests="3" time="142.924" failures="0">
    <testcase name="Test Preparation - Before Step" time="74.493" classname="ECP-T2724 - My Org - Integration - Report Query Sources">
    </testcase>
    <testcase name="ECP-T2724 - My Org - Integration - Report Query Sources - Steps 1 - 11" time="49.654" classname="ECP-T2724 - My Org - Integration - Report Query Sources">
    </testcase>
    <testcase name="Disable facility and cleanup" time="7.588" classname="ECP-T2724 - My Org - Integration - Report Query Sources">
    </testcase>
  </testsuite>
</testsuites>