<?xml version="1.0" encoding="UTF-8"?>
<testsuites name="Mocha Tests" time="88.150" tests="3" failures="0">
  <testsuite name="" timestamp="2024-12-15T04:11:35" tests="0" file="cypress/e2e/test-suites/ECP-T2619-ClientServicesandClientServicesManagersSystemAdminAccess.spec.ts" time="0.000" failures="0">
  </testsuite>
  <testsuite name="Root Suite.ECP-T2619 - Client Services and Client Services Managers System Admin Access" timestamp="2024-12-15T04:11:35" tests="3" time="88.128" failures="0">
    <testcase name="Login as Client Service" time="63.994" classname="ECP-T2619 - Client Services and Client Services Managers System Admin Access">
    </testcase>
    <testcase name="Login as Client Service Managers" time="10.484" classname="ECP-T2619 - Client Services and Client Services Managers System Admin Access">
    </testcase>
    <testcase name="Disable facility and cleanup" time="6.778" classname="ECP-T2619 - Client Services and Client Services Managers System Admin Access">
    </testcase>
  </testsuite>
</testsuites>