<?xml version="1.0" encoding="UTF-8"?>
<testsuites name="Mocha Tests" time="189.007" tests="5" failures="0">
  <testsuite name="" timestamp="2024-12-15T02:20:24" tests="0" file="cypress/e2e/test-suites/ECP-T2756-PrivacyPolicy.spec.ts" time="0.000" failures="0">
  </testsuite>
  <testsuite name="Root Suite.ECP-T2756 - Privacy Policy" timestamp="2024-12-15T02:20:24" tests="5" time="188.989" failures="0">
    <testcase name="Data prep" time="89.218" classname="ECP-T2756 - Privacy Policy">
    </testcase>
    <testcase name="Step 1 -Login page" time="4.180" classname="ECP-T2756 - Privacy Policy">
    </testcase>
    <testcase name="Step 2 -Internal pages" time="50.994" classname="ECP-T2756 - Privacy Policy">
    </testcase>
    <testcase name="From Viewer" time="22.332" classname="ECP-T2756 - Privacy Policy">
    </testcase>
    <testcase name="Disable facility and cleanup" time="7.517" classname="ECP-T2756 - Privacy Policy">
    </testcase>
  </testsuite>
</testsuites>