<?xml version="1.0" encoding="UTF-8"?>
<testsuites name="Mocha Tests" time="174.439" tests="2" failures="0">
  <testsuite name="" timestamp="2024-12-15T02:10:40" tests="0" file="cypress/e2e/test-suites/ECP-T2688-HL7DataSource.spec.ts" time="0.000" failures="0">
  </testsuite>
  <testsuite name="Root Suite.ECP-T2688 -HL7 Data source" timestamp="2024-12-15T02:10:40" tests="2" time="174.416" failures="0">
    <testcase name="Step 1 -15" time="160.186" classname="ECP-T2688 -HL7 Data source">
    </testcase>
    <testcase name="Disable facility and cleanup" time="7.730" classname="ECP-T2688 -HL7 Data source">
    </testcase>
  </testsuite>
</testsuites>